<?xml version="1.0" encoding="UTF-8" ?>
<testsuite failures="0" time="1.156" errors="0" skipped="0" tests="12" name="jp.co.altxt2db.logic.Altxt2DbLogicTest">
  <properties>
[...]
</properties>
  <testcase time="0.437" classname="jp.co.altxt2db.logic.Altxt2DbLogicTest" name="testEmpty2At"/>
  <testcase time="0.068" classname="jp.co.altxt2db.logic.Altxt2DbLogicTest" name="testIsAt"/>
  <testcase time="0.081" classname="jp.co.altxt2db.logic.Altxt2DbLogicTest" name="testMAt2sAt"/>
  <testcase time="0.057" classname="jp.co.altxt2db.logic.Altxt2DbLogicTest" name="testCreateAtList"/>
  <testcase time="0.06" classname="jp.co.altxt2db.logic.Altxt2DbLogicTest" name="testIsAllEmpty"/>
  <testcase time="0.067" classname="jp.co.altxt2db.logic.Altxt2DbLogicTest" name="testMakeMerge2MainSql"/>
  <testcase time="0.052" classname="jp.co.altxt2db.logic.Altxt2DbLogicTest" name="testMakeMerge2WorkSql"/>
  <testcase time="0.057" classname="jp.co.altxt2db.logic.Altxt2DbLogicTest" name="testCreateMergeVals"/>
  <testcase time="0.044" classname="jp.co.altxt2db.logic.Altxt2DbLogicTest" name="testCreateMergeVals2"/>
  <testcase time="0.041" classname="jp.co.altxt2db.logic.Altxt2DbLogicTest" name="testMakeDropWorkSql"/>
  <testcase time="0.048" classname="jp.co.altxt2db.logic.Altxt2DbLogicTest" name="testMakeCreateWorkSql"/>
  <testcase time="0.043" classname="jp.co.altxt2db.logic.Altxt2DbLogicTest" name="testMakeDeleteChildSql"/>
</testsuite>